<?xml version="1.0" encoding="UTF-8"?>
<!-- Generated by org.testng.reporters.JUnitXMLReporter -->
<testsuite hostname="ESICDRLAPTOP019" name="Default test" tests="4" failures="0" timestamp="9 Feb 2020 11:47:27 GMT" time="21.083" errors="0">
  <testcase name="PortalLogin" time="8.613" classname="Com.ESIC.AutomationReport"/>
  <testcase name="PortalLogin" time="8.613" classname="Com.ESIC.AutomationReport"/>
  <testcase name="Myesic" time="2.052" classname="Com.ESIC.AutomationReport"/>
  <testcase name="Myesic" time="2.052" classname="Com.ESIC.AutomationReport"/>
</testsuite> <!-- Default test -->
