<?xml version="1.0" encoding="UTF-8"?>
<!-- Generated by org.testng.reporters.JUnitXMLReporter -->
<testsuite hostname="ESICDRLAPTOP019" name="Test1" tests="4" failures="0" timestamp="9 Feb 2020 11:29:04 GMT" time="20.796" errors="0">
  <testcase name="PortalLogin" time="8.254" classname="Com.ESIC.AutomationReport"/>
  <testcase name="PortalLogin" time="8.254" classname="Com.ESIC.AutomationReport"/>
  <testcase name="Myesic" time="2.05" classname="Com.ESIC.AutomationReport"/>
  <testcase name="Myesic" time="2.05" classname="Com.ESIC.AutomationReport"/>
</testsuite> <!-- Test1 -->
