<?xml version="1.0" encoding="UTF-8"?>
<!-- Generated by org.testng.reporters.JUnitXMLReporter -->
<testsuite hostname="ESICDRLAPTOP019" name="Test" tests="6" failures="0" timestamp="9 Feb 2020 11:29:24 GMT" time="40.729" errors="0">
  <testcase name="PortalLogin" time="8.254" classname="Com.ESIC.AutomationReport"/>
  <testcase name="Myesic" time="2.05" classname="Com.ESIC.AutomationReport"/>
  <testcase name="PortalLogin" time="28.321" classname="Com.ESIC.AutomationReport"/>
  <testcase name="PortalLogin" time="28.321" classname="Com.ESIC.AutomationReport"/>
  <testcase name="Myesic" time="2.026" classname="Com.ESIC.AutomationReport"/>
  <testcase name="Myesic" time="2.026" classname="Com.ESIC.AutomationReport"/>
</testsuite> <!-- Test -->
