<?xml version="1.0" encoding="UTF-8"?>
<testng-results skipped="0" failed="0" total="2" passed="2">
  <reporter-output>
  </reporter-output>
  <suite name="Default suite" duration-ms="21083" started-at="2020-02-09T11:47:05Z" finished-at="2020-02-09T11:47:27Z">
    <groups>
    </groups>
    <test name="Default test" duration-ms="21083" started-at="2020-02-09T11:47:05Z" finished-at="2020-02-09T11:47:27Z">
      <class name="Com.ESIC.AutomationReport">
        <test-method status="PASS" signature="before()[pri:0, instance:Com.ESIC.AutomationReport@2812b107]" name="before" is-config="true" duration-ms="85" started-at="2020-02-09T17:17:05Z" finished-at="2020-02-09T17:17:06Z">
          <reporter-output>
          </reporter-output>
        </test-method> <!-- before -->
        <test-method status="PASS" signature="PortalLogin()[pri:0, instance:Com.ESIC.AutomationReport@2812b107]" name="PortalLogin" duration-ms="8613" started-at="2020-02-09T17:17:06Z" finished-at="2020-02-09T17:17:14Z">
          <reporter-output>
          </reporter-output>
        </test-method> <!-- PortalLogin -->
        <test-method status="PASS" signature="Myesic()[pri:1, instance:Com.ESIC.AutomationReport@2812b107]" name="Myesic" duration-ms="2052" started-at="2020-02-09T17:17:14Z" finished-at="2020-02-09T17:17:16Z">
          <reporter-output>
          </reporter-output>
        </test-method> <!-- Myesic -->
        <test-method status="PASS" signature="after()[pri:0, instance:Com.ESIC.AutomationReport@2812b107]" name="after" is-config="true" duration-ms="10319" started-at="2020-02-09T17:17:16Z" finished-at="2020-02-09T17:17:27Z">
          <reporter-output>
          </reporter-output>
        </test-method> <!-- after -->
      </class> <!-- Com.ESIC.AutomationReport -->
    </test> <!-- Default test -->
  </suite> <!-- Default suite -->
</testng-results>
